Sat Apr 04 01:12:49 BRT 2015 : Apache Derby Servidor de Rede - 10.10.1.3 - (1557168) iniciado e pronto para aceitar conexões na porta 1527 em {3}
----------------------------------------------------------------
Sat Apr 04 01:12:49 BRT 2015:
 Inicializando o Derby versão The Apache Software Foundation - Apache Derby - 10.10.1.3 - (1557168): instância a816c00e-014c-82a1-92d2-00005a934e19
no diretório de banco de dados C:\Users\DANIEL\Documents\GitHub\LP2Mack\DBCorretoAgoraVai\SistemaDaoCinema 

java.vendor=Oracle Corporation
java.runtime.version=1.8.0_11-b12
user.dir=C:\Program Files\Java\jdk1.8.0_11\db
os.name=Windows 8.1
os.arch=amd64
os.version=6.3
derby.system.home=C:\Users\DANIEL\Documents\GitHub\LP2Mack\DBCorretoAgoraVai
Carregador de classe do banco de dados iniciado - derby.database.classpath=''
----------------------------------------------------------------
Sat Apr 04 01:12:56 BRT 2015:
Encerrando a instância a816c00e-014c-82a1-92d2-00005a934e19
Sat Apr 04 01:12:56 BRT 2015 Thread[DRDAConnThread_3,5,main] (DATABASE = SistemaDaoCinema), (DRDAID = {2}), Banco de dados 'SistemaDaoCinema' fechado.
----------------------------------------------------------------
Sat Apr 04 01:13:30 BRT 2015:
 Inicializando o Derby versão The Apache Software Foundation - Apache Derby - 10.10.1.3 - (1557168): instância ed8940a7-014c-82a1-92d2-00005a934e19
no diretório de banco de dados C:\Users\DANIEL\Documents\GitHub\LP2Mack\DBCorretoAgoraVai\SistemaDaoCinema 

java.vendor=Oracle Corporation
java.runtime.version=1.8.0_11-b12
user.dir=C:\Program Files\Java\jdk1.8.0_11\db
os.name=Windows 8.1
os.arch=amd64
os.version=6.3
derby.system.home=C:\Users\DANIEL\Documents\GitHub\LP2Mack\DBCorretoAgoraVai
Carregador de classe do banco de dados iniciado - derby.database.classpath=''
----------------------------------------------------------------
Sat Apr 04 02:05:52 BRT 2015: Shutting down Derby engine
